SF:lib\core\common\result.dart
DA:4,2
DA:10,2
DA:12,1
DA:13,2
DA:14,0
DA:17,4
DA:19,1
DA:20,1
DA:21,2
DA:24,1
DA:26,3
DA:27,0
DA:34,2
DA:39,1
LF:14
LH:12
end_of_record
SF:lib\domain\models\employee_model.dart
DA:11,2
DA:20,0
DA:28,0
DA:29,0
DA:30,0
DA:31,0
DA:32,0
DA:33,0
DA:34,0
DA:38,0
DA:39,0
DA:40,0
DA:41,0
DA:42,0
DA:43,0
DA:44,0
DA:45,0
DA:49,0
DA:50,0
DA:51,0
DA:52,0
DA:53,0
DA:54,0
DA:55,0
DA:56,0
DA:60,0
DA:62,0
DA:63,0
DA:65,0
DA:67,0
DA:70,2
DA:74,6
DA:75,0
DA:76,0
DA:77,0
DA:78,0
DA:79,0
DA:82,0
DA:84,0
DA:85,0
DA:86,0
DA:87,0
DA:88,0
DA:89,0
LF:44
LH:3
end_of_record
SF:lib\core\common\snackbars.dart
DA:4,0
DA:6,3
DA:8,1
DA:9,2
DA:12,0
DA:23,0
DA:27,0
DA:29,0
DA:30,0
DA:31,0
DA:33,0
DA:35,0
DA:49,0
DA:50,0
DA:54,0
DA:57,0
DA:66,0
DA:78,0
DA:86,0
LF:19
LH:3
end_of_record
SF:lib\core\common\styles.dart
DA:4,0
DA:37,3
DA:42,1
LF:3
LH:2
end_of_record
SF:lib\core\extensions\date_time_extension.dart
DA:2,1
DA:3,3
DA:4,3
DA:5,2
DA:7,1
LF:5
LH:5
end_of_record
SF:lib\core\extensions\string_extension.dart
DA:2,1
DA:3,2
DA:4,2
DA:5,3
DA:7,1
LF:5
LH:5
end_of_record
SF:lib\routing\router.dart
DA:9,3
DA:11,3
DA:12,1
DA:14,1
DA:15,1
DA:18,1
DA:22,1
DA:25,1
DA:26,2
LF:9
LH:9
end_of_record
SF:lib\ui\view_models\employees_view_model.dart
DA:15,1
DA:16,4
DA:18,1
DA:19,1
DA:22,3
DA:23,3
DA:25,3
DA:27,3
DA:29,1
DA:30,1
DA:31,1
DA:32,1
DA:37,1
DA:38,4
DA:40,1
DA:41,3
DA:44,1
DA:45,2
DA:47,1
DA:48,1
DA:49,2
DA:50,2
DA:51,1
DA:52,1
DA:54,0
DA:55,0
LF:26
LH:24
end_of_record
SF:lib\core\common\command.dart
DA:8,2
DA:12,2
DA:14,1
DA:15,1
DA:17,1
DA:18,1
DA:20,2
DA:21,1
DA:22,1
DA:29,1
DA:31,1
DA:32,2
DA:39,0
DA:41,0
DA:42,0
LF:15
LH:12
end_of_record
SF:lib\core\common\constraints.dart
DA:2,0
DA:24,2
LF:2
LH:1
end_of_record
SF:lib\routing\routes.dart
DA:4,0
LF:1
LH:0
end_of_record
SF:lib\ui\views\employees_view.dart
DA:12,1
DA:16,1
DA:18,3
DA:20,1
DA:21,2
DA:22,1
DA:23,4
DA:24,0
DA:25,0
DA:30,1
DA:31,1
DA:32,1
DA:33,3
DA:34,1
DA:35,2
DA:36,1
DA:38,1
DA:40,1
DA:42,1
DA:44,1
DA:49,1
DA:50,2
DA:51,1
DA:52,1
DA:54,1
DA:59,1
DA:60,1
DA:63,4
DA:64,1
DA:65,2
DA:69,1
DA:70,0
DA:71,1
DA:78,1
DA:79,1
DA:81,1
DA:82,1
DA:84,1
DA:85,1
DA:86,1
DA:87,1
DA:88,1
DA:90,1
DA:91,1
DA:92,1
DA:94,1
DA:95,1
DA:98,1
DA:99,1
DA:100,1
DA:102,1
DA:104,1
DA:106,1
DA:110,1
DA:111,1
DA:118,2
DA:119,1
DA:120,1
DA:121,4
DA:122,1
DA:123,2
DA:124,1
DA:130,1
DA:131,2
DA:133,1
DA:134,1
DA:135,1
DA:137,1
DA:139,1
DA:140,1
DA:141,1
DA:146,2
DA:151,1
DA:156,1
DA:157,1
DA:159,1
DA:161,1
DA:163,2
DA:165,1
DA:167,2
LF:80
LH:77
end_of_record
SF:lib\ui\views\splash_view.dart
DA:9,1
DA:11,1
DA:13,1
DA:14,2
DA:15,1
DA:16,2
DA:17,3
DA:18,1
DA:22,1
DA:23,1
DA:25,1
DA:26,1
DA:27,1
DA:29,1
LF:14
LH:14
end_of_record
SF:lib\ui\widgets\employee_detail.dart
DA:5,1
DA:10,1
DA:12,1
DA:13,1
DA:14,1
DA:15,1
DA:16,1
DA:21,1
DA:22,1
DA:23,1
DA:24,1
LF:11
LH:11
end_of_record
SF:lib\ui\widgets\employees_app_bar.dart
DA:6,1
DA:8,1
DA:10,3
DA:12,1
DA:13,3
DA:14,2
DA:15,1
DA:16,1
DA:17,1
DA:18,1
DA:19,1
DA:20,1
DA:23,1
DA:25,1
DA:29,1
DA:30,0
DA:31,1
DA:33,1
DA:40,1
DA:41,1
LF:20
LH:19
end_of_record
